<?xml version="1.0" encoding="UTF-8"?>
<!-- Generated by org.testng.reporters.JUnitReportReporter -->
<testsuite hostname="Farheens-MacBook-Air.local" failures="0" tests="1" name="practice.BrokenLink" time="37.974" errors="0" timestamp="2022-10-01T08:38:54 IST" skipped="0">
  <testcase classname="practice.BrokenLink" name="tc01" time="37.974"/>
  <system-out/>
</testsuite> <!-- practice.BrokenLink -->
