<?xml version="1.0" encoding="UTF-8"?>
<!-- Generated by org.testng.reporters.JUnitReportReporter -->
<testsuite hostname="Farheens-MacBook-Air.local" failures="0" tests="1" name="practice.Prac" time="9.287" errors="0" timestamp="2022-10-01T16:05:10 IST" skipped="0">
  <testcase classname="practice.Prac" name="tc02" time="9.287"/>
  <system-out/>
</testsuite> <!-- practice.Prac -->
