<?xml version="1.0" encoding="UTF-8"?>
<!-- Generated by org.testng.reporters.JUnitReportReporter -->
<testsuite hostname="Farheens-MacBook-Air.local" failures="0" tests="1" name="testNG.TC0" time="6.304" errors="0" timestamp="2022-08-09T08:38:11 IST" skipped="0">
  <testcase classname="testNG.TC0" name="tc01" time="6.304"/>
  <system-out/>
</testsuite> <!-- testNG.TC0 -->
