<?xml version="1.0" encoding="UTF-8"?>
<!-- Generated by org.testng.reporters.JUnitReportReporter -->
<testsuite hostname="Farheens-MacBook-Air.local" failures="0" tests="1" name="fileUpload.FileUploadUsingSendkeys" time="79.972" errors="0" timestamp="2022-09-26T19:06:44 IST" skipped="0">
  <testcase classname="fileUpload.FileUploadUsingSendkeys" name="tc1" time="79.972"/>
  <system-out/>
</testsuite> <!-- fileUpload.FileUploadUsingSendkeys -->
