<?xml version="1.0" encoding="UTF-8"?>
<!-- Generated by org.testng.reporters.JUnitReportReporter -->
<testsuite hostname="Farheens-MacBook-Air.local" failures="0" tests="1" name="testNG.TC1" time="9.312" errors="0" timestamp="2022-08-09T08:38:11 IST" skipped="0">
  <testcase classname="testNG.TC1" name="tc02" time="9.312"/>
  <system-out/>
</testsuite> <!-- testNG.TC1 -->
