<?xml version="1.0" encoding="UTF-8"?>
<!-- Generated by org.testng.reporters.JUnitReportReporter -->
<testsuite hostname="Farheens-MacBook-Air.local" failures="0" tests="1" name="chromeOptions.Headless_incognito" time="7.257" errors="0" timestamp="2022-08-03T09:29:44 IST" skipped="0">
  <testcase classname="chromeOptions.Headless_incognito" name="tc1" time="7.257"/>
  <system-out/>
</testsuite> <!-- chromeOptions.Headless_incognito -->
