<?xml version="1.0" encoding="UTF-8"?>
<!-- Generated by org.testng.reporters.JUnitReportReporter -->
<testsuite hostname="Farheens-MacBook-Air.local" failures="0" tests="1" name="javascriptExecutor.ScrollUsingJavascript" time="14.482" errors="0" timestamp="2022-08-03T08:24:15 IST" skipped="0">
  <testcase classname="javascriptExecutor.ScrollUsingJavascript" name="tc1" time="14.482"/>
  <system-out/>
</testsuite> <!-- javascriptExecutor.ScrollUsingJavascript -->
