<?xml version="1.0" encoding="UTF-8"?>
<!-- Generated by org.testng.reporters.JUnitReportReporter -->
<testsuite hostname="Farheens-MacBook-Air.local" failures="0" tests="1" name="frames_practice.FramePrac" time="8.569" errors="0" timestamp="2022-09-26T18:13:29 IST" skipped="0">
  <testcase classname="frames_practice.FramePrac" name="tc01" time="8.569"/>
  <system-out/>
</testsuite> <!-- frames_practice.FramePrac -->
