<?xml version="1.0" encoding="UTF-8"?>
<!-- Generated by org.testng.reporters.JUnitReportReporter -->
<testsuite hostname="Farheens-MacBook-Air.local" failures="0" tests="1" name="testNG.ListenTC" time="5.961" errors="0" timestamp="2022-08-10T09:09:16 IST" skipped="0">
  <testcase classname="testNG.ListenTC" name="tc01" time="5.961"/>
  <system-out>
    <![CDATA[OnTest Start
OnTest Sucess]]>
  </system-out>
</testsuite> <!-- testNG.ListenTC -->
