<?xml version="1.0" encoding="UTF-8"?>
<!-- Generated by org.testng.reporters.JUnitReportReporter -->
<testsuite hostname="Farheens-MacBook-Air.local" failures="0" tests="1" name="scripts.TC1" time="0.012" errors="0" timestamp="2022-07-30T10:56:19 IST" skipped="0">
  <testcase classname="scripts.TC1" name="tc01" time="0.012"/>
  <system-out>
    <![CDATA[hello java]]>
  </system-out>
</testsuite> <!-- scripts.TC1 -->
