<?xml version="1.0" encoding="UTF-8"?>
<!-- Generated by org.testng.reporters.JUnitReportReporter -->
<testsuite hostname="Farheens-MacBook-Air.local" failures="0" tests="1" name="dataDriven.Tc01" time="6.738" errors="0" timestamp="2022-08-08T08:58:37 IST" skipped="0">
  <testcase classname="dataDriven.Tc01" name="tc1" time="6.738"/>
  <system-out/>
</testsuite> <!-- dataDriven.Tc01 -->
