<?xml version="1.0" encoding="UTF-8"?>
<!-- Generated by org.testng.reporters.JUnitReportReporter -->
<testsuite hostname="Farheens-MacBook-Air.local" failures="0" tests="3" name="testNG.Data1" time="11.819" errors="0" timestamp="2022-08-10T18:40:45 IST" skipped="0">
  <testcase classname="testNG.Data1" name="tc1" time="3.647"/>
  <system-out/>
  <testcase classname="testNG.Data1" name="tc1" time="4.600"/>
  <system-out/>
  <testcase classname="testNG.Data1" name="tc1" time="3.572"/>
  <system-out/>
</testsuite> <!-- testNG.Data1 -->
