<?xml version="1.0" encoding="UTF-8"?>
<!-- Generated by org.testng.reporters.JUnitReportReporter -->
<testsuite hostname="Farheens-MacBook-Air.local" failures="0" tests="1" name="actions.Scenario2" time="9.335" errors="0" timestamp="2022-08-04T08:47:07 IST" skipped="0">
  <testcase classname="actions.Scenario2" name="tc2" time="9.335"/>
  <system-out/>
</testsuite> <!-- actions.Scenario2 -->
